[INFO] [2016-05-18 12:09:29][org.springframework.beans.factory.xml.XmlBeanDefinitionReader]Loading XML bean definitions from class path resource [spring-mybatis.xml]
[INFO] [2016-05-18 12:09:29][org.springframework.context.support.GenericApplicationContext]Refreshing org.springframework.context.support.GenericApplicationContext@18ada729: startup date [Wed May 18 12:09:29 CST 2016]; root of context hierarchy
[INFO] [2016-05-18 12:09:30][org.springframework.beans.factory.config.PropertyPlaceholderConfigurer]Loading properties file from class path resource [jdbc.properties]
[INFO] [2016-05-18 12:09:30][org.springframework.beans.factory.annotation.AutowiredAnnotationBeanPostProcessor]JSR-330 'javax.inject.Inject' annotation found and supported for autowiring
[INFO] [2016-05-18 12:09:30][org.springframework.context.support.GenericApplicationContext]Closing org.springframework.context.support.GenericApplicationContext@18ada729: startup date [Wed May 18 12:09:29 CST 2016]; root of context hierarchy
[INFO] [2016-05-18 12:10:54][org.springframework.beans.factory.xml.XmlBeanDefinitionReader]Loading XML bean definitions from class path resource [spring-mybatis.xml]
[INFO] [2016-05-18 12:10:54][org.springframework.context.support.GenericApplicationContext]Refreshing org.springframework.context.support.GenericApplicationContext@18ada729: startup date [Wed May 18 12:10:54 CST 2016]; root of context hierarchy
[INFO] [2016-05-18 12:10:54][org.springframework.beans.factory.config.PropertyPlaceholderConfigurer]Loading properties file from class path resource [jdbc.properties]
[INFO] [2016-05-18 12:10:54][org.springframework.beans.factory.annotation.AutowiredAnnotationBeanPostProcessor]JSR-330 'javax.inject.Inject' annotation found and supported for autowiring
[INFO] [2016-05-18 12:10:55][org.springframework.beans.factory.xml.XmlBeanDefinitionReader]Loading XML bean definitions from class path resource [org/springframework/jdbc/support/sql-error-codes.xml]
[INFO] [2016-05-18 12:10:55][org.springframework.jdbc.support.SQLErrorCodesFactory]SQLErrorCodes loaded: [DB2, Derby, H2, HSQL, Informix, MS-SQL, MySQL, Oracle, PostgreSQL, Sybase]
[INFO] [2016-05-18 12:10:55][org.springframework.context.support.GenericApplicationContext]Closing org.springframework.context.support.GenericApplicationContext@18ada729: startup date [Wed May 18 12:10:54 CST 2016]; root of context hierarchy
[INFO] [2016-05-18 12:21:06][org.springframework.beans.factory.xml.XmlBeanDefinitionReader]Loading XML bean definitions from class path resource [spring-mybatis.xml]
[INFO] [2016-05-18 12:21:06][org.springframework.context.support.GenericApplicationContext]Refreshing org.springframework.context.support.GenericApplicationContext@62deaa2e: startup date [Wed May 18 12:21:06 CST 2016]; root of context hierarchy
[INFO] [2016-05-18 12:21:06][org.springframework.beans.factory.config.PropertyPlaceholderConfigurer]Loading properties file from class path resource [jdbc.properties]
[INFO] [2016-05-18 12:21:06][org.springframework.beans.factory.annotation.AutowiredAnnotationBeanPostProcessor]JSR-330 'javax.inject.Inject' annotation found and supported for autowiring
[INFO] [2016-05-18 12:21:07][com.bcdbook.test.user.TestUser]{"addTime":"2019","addr":"addr","age":18,"company":1,"department":1,"email":"xianforwork@163.com","id":1,"isLock":1,"phone":"189189","position":1,"pwd":"123","remark":"remark","updateTime":"2020","userName":"test","userType":1}
[INFO] [2016-05-18 12:21:07][org.springframework.context.support.GenericApplicationContext]Closing org.springframework.context.support.GenericApplicationContext@62deaa2e: startup date [Wed May 18 12:21:06 CST 2016]; root of context hierarchy
[INFO] [2016-05-18 12:29:54][org.springframework.beans.factory.xml.XmlBeanDefinitionReader]Loading XML bean definitions from class path resource [spring-mybatis.xml]
[INFO] [2016-05-18 12:29:55][org.springframework.context.support.GenericApplicationContext]Refreshing org.springframework.context.support.GenericApplicationContext@18ada729: startup date [Wed May 18 12:29:55 CST 2016]; root of context hierarchy
[INFO] [2016-05-18 12:29:55][org.springframework.beans.factory.config.PropertyPlaceholderConfigurer]Loading properties file from class path resource [jdbc.properties]
[INFO] [2016-05-18 12:29:55][org.springframework.beans.factory.annotation.AutowiredAnnotationBeanPostProcessor]JSR-330 'javax.inject.Inject' annotation found and supported for autowiring
[INFO] [2016-05-18 12:29:56][com.bcdbook.test.user.TestUser]{"addTime":"2019","addr":"addr","age":18,"company":1,"department":1,"email":"xianforwork@163.com","id":1,"isLock":1,"phone":"189189","position":1,"pwd":"123","remark":"remark","updateTime":"2020","userName":"test","userType":1}
[INFO] [2016-05-18 12:29:56][org.springframework.context.support.GenericApplicationContext]Closing org.springframework.context.support.GenericApplicationContext@18ada729: startup date [Wed May 18 12:29:55 CST 2016]; root of context hierarchy
[INFO] [2016-05-26 16:28:16][org.springframework.beans.factory.xml.XmlBeanDefinitionReader]Loading XML bean definitions from class path resource [spring-mybatis.xml]
[INFO] [2016-05-26 16:28:16][org.springframework.context.support.GenericApplicationContext]Refreshing org.springframework.context.support.GenericApplicationContext@4ba66ed5: startup date [Thu May 26 16:28:16 CST 2016]; root of context hierarchy
[INFO] [2016-05-26 16:28:16][org.springframework.beans.factory.config.PropertyPlaceholderConfigurer]Loading properties file from class path resource [jdbc.properties]
[INFO] [2016-05-26 16:28:16][org.springframework.beans.factory.annotation.AutowiredAnnotationBeanPostProcessor]JSR-330 'javax.inject.Inject' annotation found and supported for autowiring
[INFO] [2016-05-26 16:28:17][org.springframework.context.support.GenericApplicationContext]Closing org.springframework.context.support.GenericApplicationContext@4ba66ed5: startup date [Thu May 26 16:28:16 CST 2016]; root of context hierarchy
[INFO] [2016-05-26 16:28:53][org.springframework.beans.factory.xml.XmlBeanDefinitionReader]Loading XML bean definitions from class path resource [spring-mybatis.xml]
[INFO] [2016-05-26 16:28:53][org.springframework.context.support.GenericApplicationContext]Refreshing org.springframework.context.support.GenericApplicationContext@26f3bbad: startup date [Thu May 26 16:28:53 CST 2016]; root of context hierarchy
[INFO] [2016-05-26 16:28:53][org.springframework.beans.factory.config.PropertyPlaceholderConfigurer]Loading properties file from class path resource [jdbc.properties]
[INFO] [2016-05-26 16:28:53][org.springframework.beans.factory.annotation.AutowiredAnnotationBeanPostProcessor]JSR-330 'javax.inject.Inject' annotation found and supported for autowiring
[INFO] [2016-05-26 16:28:55][org.springframework.context.support.GenericApplicationContext]Closing org.springframework.context.support.GenericApplicationContext@26f3bbad: startup date [Thu May 26 16:28:53 CST 2016]; root of context hierarchy
[INFO] [2016-05-26 16:35:14][org.springframework.beans.factory.xml.XmlBeanDefinitionReader]Loading XML bean definitions from class path resource [spring-mybatis.xml]
[INFO] [2016-05-26 16:35:14][org.springframework.context.support.GenericApplicationContext]Refreshing org.springframework.context.support.GenericApplicationContext@26f3bbad: startup date [Thu May 26 16:35:14 CST 2016]; root of context hierarchy
[INFO] [2016-05-26 16:35:14][org.springframework.beans.factory.config.PropertyPlaceholderConfigurer]Loading properties file from class path resource [jdbc.properties]
[INFO] [2016-05-26 16:35:14][org.springframework.beans.factory.annotation.AutowiredAnnotationBeanPostProcessor]JSR-330 'javax.inject.Inject' annotation found and supported for autowiring
[INFO] [2016-05-26 16:35:16][org.springframework.context.support.GenericApplicationContext]Closing org.springframework.context.support.GenericApplicationContext@26f3bbad: startup date [Thu May 26 16:35:14 CST 2016]; root of context hierarchy
[INFO] [2016-05-26 16:35:38][org.springframework.beans.factory.xml.XmlBeanDefinitionReader]Loading XML bean definitions from class path resource [spring-mybatis.xml]
[INFO] [2016-05-26 16:35:38][org.springframework.context.support.GenericApplicationContext]Refreshing org.springframework.context.support.GenericApplicationContext@7c34cfe: startup date [Thu May 26 16:35:38 CST 2016]; root of context hierarchy
[INFO] [2016-05-26 16:35:38][org.springframework.beans.factory.config.PropertyPlaceholderConfigurer]Loading properties file from class path resource [jdbc.properties]
[INFO] [2016-05-26 16:35:38][org.springframework.beans.factory.annotation.AutowiredAnnotationBeanPostProcessor]JSR-330 'javax.inject.Inject' annotation found and supported for autowiring
[INFO] [2016-05-26 16:35:39][org.springframework.context.support.GenericApplicationContext]Closing org.springframework.context.support.GenericApplicationContext@7c34cfe: startup date [Thu May 26 16:35:38 CST 2016]; root of context hierarchy
[INFO] [2016-05-26 16:35:59][org.springframework.beans.factory.xml.XmlBeanDefinitionReader]Loading XML bean definitions from class path resource [spring-mybatis.xml]
[INFO] [2016-05-26 16:35:59][org.springframework.context.support.GenericApplicationContext]Refreshing org.springframework.context.support.GenericApplicationContext@4ba66ed5: startup date [Thu May 26 16:35:59 CST 2016]; root of context hierarchy
[INFO] [2016-05-26 16:35:59][org.springframework.beans.factory.config.PropertyPlaceholderConfigurer]Loading properties file from class path resource [jdbc.properties]
[INFO] [2016-05-26 16:35:59][org.springframework.beans.factory.annotation.AutowiredAnnotationBeanPostProcessor]JSR-330 'javax.inject.Inject' annotation found and supported for autowiring
[INFO] [2016-05-26 16:36:00][org.springframework.context.support.GenericApplicationContext]Closing org.springframework.context.support.GenericApplicationContext@4ba66ed5: startup date [Thu May 26 16:35:59 CST 2016]; root of context hierarchy
[INFO] [2016-05-26 16:36:45][org.springframework.beans.factory.xml.XmlBeanDefinitionReader]Loading XML bean definitions from class path resource [spring-mybatis.xml]
[INFO] [2016-05-26 16:36:45][org.springframework.context.support.GenericApplicationContext]Refreshing org.springframework.context.support.GenericApplicationContext@26f3bbad: startup date [Thu May 26 16:36:45 CST 2016]; root of context hierarchy
[INFO] [2016-05-26 16:36:45][org.springframework.beans.factory.config.PropertyPlaceholderConfigurer]Loading properties file from class path resource [jdbc.properties]
[INFO] [2016-05-26 16:36:45][org.springframework.beans.factory.annotation.AutowiredAnnotationBeanPostProcessor]JSR-330 'javax.inject.Inject' annotation found and supported for autowiring
[INFO] [2016-05-26 16:36:46][org.springframework.context.support.GenericApplicationContext]Closing org.springframework.context.support.GenericApplicationContext@26f3bbad: startup date [Thu May 26 16:36:45 CST 2016]; root of context hierarchy
[INFO] [2016-05-26 16:39:04][org.springframework.beans.factory.xml.XmlBeanDefinitionReader]Loading XML bean definitions from class path resource [spring-mybatis.xml]
[INFO] [2016-05-26 16:39:05][org.springframework.context.support.GenericApplicationContext]Refreshing org.springframework.context.support.GenericApplicationContext@26f3bbad: startup date [Thu May 26 16:39:05 CST 2016]; root of context hierarchy
[INFO] [2016-05-26 16:39:05][org.springframework.beans.factory.config.PropertyPlaceholderConfigurer]Loading properties file from class path resource [jdbc.properties]
[INFO] [2016-05-26 16:39:05][org.springframework.beans.factory.annotation.AutowiredAnnotationBeanPostProcessor]JSR-330 'javax.inject.Inject' annotation found and supported for autowiring
[INFO] [2016-05-26 16:39:06][org.springframework.context.support.GenericApplicationContext]Closing org.springframework.context.support.GenericApplicationContext@26f3bbad: startup date [Thu May 26 16:39:05 CST 2016]; root of context hierarchy
[INFO] [2016-05-26 16:40:36][org.springframework.beans.factory.xml.XmlBeanDefinitionReader]Loading XML bean definitions from class path resource [spring-mybatis.xml]
[INFO] [2016-05-26 16:40:36][org.springframework.context.support.GenericApplicationContext]Refreshing org.springframework.context.support.GenericApplicationContext@4ba66ed5: startup date [Thu May 26 16:40:36 CST 2016]; root of context hierarchy
[INFO] [2016-05-26 16:40:36][org.springframework.beans.factory.config.PropertyPlaceholderConfigurer]Loading properties file from class path resource [jdbc.properties]
[INFO] [2016-05-26 16:40:36][org.springframework.beans.factory.annotation.AutowiredAnnotationBeanPostProcessor]JSR-330 'javax.inject.Inject' annotation found and supported for autowiring
[INFO] [2016-05-26 16:40:38][org.springframework.context.support.GenericApplicationContext]Closing org.springframework.context.support.GenericApplicationContext@4ba66ed5: startup date [Thu May 26 16:40:36 CST 2016]; root of context hierarchy
[INFO] [2016-05-26 16:40:50][org.springframework.beans.factory.xml.XmlBeanDefinitionReader]Loading XML bean definitions from class path resource [spring-mybatis.xml]
[INFO] [2016-05-26 16:40:50][org.springframework.context.support.GenericApplicationContext]Refreshing org.springframework.context.support.GenericApplicationContext@4ba66ed5: startup date [Thu May 26 16:40:50 CST 2016]; root of context hierarchy
[INFO] [2016-05-26 16:40:50][org.springframework.beans.factory.config.PropertyPlaceholderConfigurer]Loading properties file from class path resource [jdbc.properties]
[INFO] [2016-05-26 16:40:50][org.springframework.beans.factory.annotation.AutowiredAnnotationBeanPostProcessor]JSR-330 'javax.inject.Inject' annotation found and supported for autowiring
[INFO] [2016-05-26 16:40:52][org.springframework.context.support.GenericApplicationContext]Closing org.springframework.context.support.GenericApplicationContext@4ba66ed5: startup date [Thu May 26 16:40:50 CST 2016]; root of context hierarchy
[INFO] [2016-05-26 16:41:05][org.springframework.beans.factory.xml.XmlBeanDefinitionReader]Loading XML bean definitions from class path resource [spring-mybatis.xml]
[INFO] [2016-05-26 16:41:05][org.springframework.context.support.GenericApplicationContext]Refreshing org.springframework.context.support.GenericApplicationContext@4ba66ed5: startup date [Thu May 26 16:41:05 CST 2016]; root of context hierarchy
[INFO] [2016-05-26 16:41:05][org.springframework.beans.factory.config.PropertyPlaceholderConfigurer]Loading properties file from class path resource [jdbc.properties]
[INFO] [2016-05-26 16:41:05][org.springframework.beans.factory.annotation.AutowiredAnnotationBeanPostProcessor]JSR-330 'javax.inject.Inject' annotation found and supported for autowiring
[INFO] [2016-05-26 16:41:06][org.springframework.context.support.GenericApplicationContext]Closing org.springframework.context.support.GenericApplicationContext@4ba66ed5: startup date [Thu May 26 16:41:05 CST 2016]; root of context hierarchy
[INFO] [2016-05-26 16:41:28][org.springframework.beans.factory.xml.XmlBeanDefinitionReader]Loading XML bean definitions from class path resource [spring-mybatis.xml]
[INFO] [2016-05-26 16:41:28][org.springframework.context.support.GenericApplicationContext]Refreshing org.springframework.context.support.GenericApplicationContext@26f3bbad: startup date [Thu May 26 16:41:28 CST 2016]; root of context hierarchy
[INFO] [2016-05-26 16:41:28][org.springframework.beans.factory.config.PropertyPlaceholderConfigurer]Loading properties file from class path resource [jdbc.properties]
[INFO] [2016-05-26 16:41:28][org.springframework.beans.factory.annotation.AutowiredAnnotationBeanPostProcessor]JSR-330 'javax.inject.Inject' annotation found and supported for autowiring
[INFO] [2016-05-26 16:41:29][org.springframework.context.support.GenericApplicationContext]Closing org.springframework.context.support.GenericApplicationContext@26f3bbad: startup date [Thu May 26 16:41:28 CST 2016]; root of context hierarchy
[INFO] [2016-05-26 16:41:46][org.springframework.beans.factory.xml.XmlBeanDefinitionReader]Loading XML bean definitions from class path resource [spring-mybatis.xml]
[INFO] [2016-05-26 16:41:46][org.springframework.context.support.GenericApplicationContext]Refreshing org.springframework.context.support.GenericApplicationContext@4ba66ed5: startup date [Thu May 26 16:41:46 CST 2016]; root of context hierarchy
[INFO] [2016-05-26 16:41:46][org.springframework.beans.factory.config.PropertyPlaceholderConfigurer]Loading properties file from class path resource [jdbc.properties]
[INFO] [2016-05-26 16:41:46][org.springframework.beans.factory.annotation.AutowiredAnnotationBeanPostProcessor]JSR-330 'javax.inject.Inject' annotation found and supported for autowiring
[INFO] [2016-05-26 16:41:47][org.springframework.context.support.GenericApplicationContext]Closing org.springframework.context.support.GenericApplicationContext@4ba66ed5: startup date [Thu May 26 16:41:46 CST 2016]; root of context hierarchy
[INFO] [2016-05-26 16:42:01][org.springframework.beans.factory.xml.XmlBeanDefinitionReader]Loading XML bean definitions from class path resource [spring-mybatis.xml]
[INFO] [2016-05-26 16:42:01][org.springframework.context.support.GenericApplicationContext]Refreshing org.springframework.context.support.GenericApplicationContext@4ba66ed5: startup date [Thu May 26 16:42:01 CST 2016]; root of context hierarchy
[INFO] [2016-05-26 16:42:01][org.springframework.beans.factory.config.PropertyPlaceholderConfigurer]Loading properties file from class path resource [jdbc.properties]
[INFO] [2016-05-26 16:42:01][org.springframework.beans.factory.annotation.AutowiredAnnotationBeanPostProcessor]JSR-330 'javax.inject.Inject' annotation found and supported for autowiring
[INFO] [2016-05-26 16:42:02][org.springframework.context.support.GenericApplicationContext]Closing org.springframework.context.support.GenericApplicationContext@4ba66ed5: startup date [Thu May 26 16:42:01 CST 2016]; root of context hierarchy
[INFO] [2016-05-26 16:42:30][org.springframework.beans.factory.xml.XmlBeanDefinitionReader]Loading XML bean definitions from class path resource [spring-mybatis.xml]
[INFO] [2016-05-26 16:42:30][org.springframework.context.support.GenericApplicationContext]Refreshing org.springframework.context.support.GenericApplicationContext@26f3bbad: startup date [Thu May 26 16:42:30 CST 2016]; root of context hierarchy
[INFO] [2016-05-26 16:42:30][org.springframework.beans.factory.config.PropertyPlaceholderConfigurer]Loading properties file from class path resource [jdbc.properties]
[INFO] [2016-05-26 16:42:30][org.springframework.beans.factory.annotation.AutowiredAnnotationBeanPostProcessor]JSR-330 'javax.inject.Inject' annotation found and supported for autowiring
[INFO] [2016-05-26 16:42:31][org.springframework.context.support.GenericApplicationContext]Closing org.springframework.context.support.GenericApplicationContext@26f3bbad: startup date [Thu May 26 16:42:30 CST 2016]; root of context hierarchy
